<?xml version="1.0" encoding="UTF-8"?>
<!-- Generated by org.testng.reporters.JUnitReportReporter -->
<testsuite hostname="LAPTOP-ILCKSG21" failures="0" tests="5" name="TestNG.Blazedemo" time="23.675" errors="0" timestamp="2022-12-03T20:36:38 EST" skipped="0">
  <testcase classname="TestNG.Blazedemo" name="b" time="5.283"/>
  <system-out/>
  <testcase classname="TestNG.Blazedemo" name="c" time="10.131"/>
  <system-out/>
  <testcase classname="TestNG.Blazedemo" name="d" time="0.038"/>
  <system-out/>
  <testcase classname="TestNG.Blazedemo" name="e" time="0.039"/>
  <system-out/>
  <testcase classname="TestNG.Blazedemo" name="a" time="8.184"/>
  <system-out/>
</testsuite> <!-- TestNG.Blazedemo -->
