<?xml version="1.0" encoding="UTF-8"?>
<!-- Generated by org.testng.reporters.JUnitReportReporter -->
<testsuite hostname="LAPTOP-ILCKSG21" failures="0" tests="3" name="TestNG.Macys" time="0.021" errors="0" timestamp="2022-12-03T20:23:28 EST" skipped="0">
  <testcase classname="TestNG.Macys" name="f" time="0.016"/>
  <system-out/>
  <testcase classname="TestNG.Macys" name="k" time="0.002"/>
  <system-out/>
  <testcase classname="TestNG.Macys" name="s" time="0.003"/>
  <system-out/>
</testsuite> <!-- TestNG.Macys -->
