<?xml version="1.0" encoding="UTF-8"?>
<!-- Generated by org.testng.reporters.JUnitReportReporter -->
<testsuite hostname="LAPTOP-ILCKSG21" failures="0" tests="1" name="TestNG.FBlogin" time="3.389" errors="0" timestamp="2022-11-25T17:13:55 EST" skipped="0">
  <testcase classname="TestNG.FBlogin" name="f" time="3.389"/>
  <system-out/>
</testsuite> <!-- TestNG.FBlogin -->
